<?xml version="1.0" encoding="UTF-8"?>
<testng-results skipped="0" failed="0" ignored="0" total="1" passed="1">
  <reporter-output>
  </reporter-output>
  <suite name="Default suite" duration-ms="44890" started-at="2019-03-31T11:26:58Z" finished-at="2019-03-31T11:27:43Z">
    <groups>
    </groups>
    <test name="Default test" duration-ms="44890" started-at="2019-03-31T11:26:58Z" finished-at="2019-03-31T11:27:43Z">
      <class name="Academy.HomePage">
        <test-method status="PASS" signature="basePageNavigation()[pri:0, instance:Academy.HomePage@46d56d67]" name="basePageNavigation" duration-ms="44824" started-at="2019-03-31T11:26:58Z" finished-at="2019-03-31T11:27:43Z">
          <reporter-output>
          </reporter-output>
        </test-method> <!-- basePageNavigation -->
      </class> <!-- Academy.HomePage -->
    </test> <!-- Default test -->
  </suite> <!-- Default suite -->
</testng-results>
